c:\users\cezar\desktop\facultate\egc\gfx-framework-master\build\gfxframework.dir\debug\vc142.pdb
c:\users\cezar\desktop\facultate\egc\gfx-framework-master\build\gfxframework.dir\debug\enemy.obj
c:\users\cezar\desktop\facultate\egc\gfx-framework-master\build\gfxframework.dir\debug\circle.obj
c:\users\cezar\desktop\facultate\egc\gfx-framework-master\build\gfxframework.dir\debug\bulletstream.obj
c:\users\cezar\desktop\facultate\egc\gfx-framework-master\build\gfxframework.dir\debug\bulletbar.obj
c:\users\cezar\desktop\facultate\egc\gfx-framework-master\build\gfxframework.dir\debug\bullet.obj
c:\users\cezar\desktop\facultate\egc\gfx-framework-master\build\gfxframework.dir\debug\world.obj
c:\users\cezar\desktop\facultate\egc\gfx-framework-master\build\gfxframework.dir\debug\window_object.obj
c:\users\cezar\desktop\facultate\egc\gfx-framework-master\build\gfxframework.dir\debug\window_callbacks.obj
c:\users\cezar\desktop\facultate\egc\gfx-framework-master\build\gfxframework.dir\debug\input_controller.obj
c:\users\cezar\desktop\facultate\egc\gfx-framework-master\build\gfxframework.dir\debug\texture_manager.obj
c:\users\cezar\desktop\facultate\egc\gfx-framework-master\build\gfxframework.dir\debug\texture2d.obj
c:\users\cezar\desktop\facultate\egc\gfx-framework-master\build\gfxframework.dir\debug\shader.obj
c:\users\cezar\desktop\facultate\egc\gfx-framework-master\build\gfxframework.dir\debug\mesh.obj
c:\users\cezar\desktop\facultate\egc\gfx-framework-master\build\gfxframework.dir\debug\gpu_buffers.obj
c:\users\cezar\desktop\facultate\egc\gfx-framework-master\build\gfxframework.dir\debug\frame_buffer.obj
c:\users\cezar\desktop\facultate\egc\gfx-framework-master\build\gfxframework.dir\debug\engine.obj
c:\users\cezar\desktop\facultate\egc\gfx-framework-master\build\gfxframework.dir\debug\text_renderer.obj
c:\users\cezar\desktop\facultate\egc\gfx-framework-master\build\gfxframework.dir\debug\simple_scene.obj
c:\users\cezar\desktop\facultate\egc\gfx-framework-master\build\gfxframework.dir\debug\scene_input.obj
c:\users\cezar\desktop\facultate\egc\gfx-framework-master\build\gfxframework.dir\debug\camera_input.obj
c:\users\cezar\desktop\facultate\egc\gfx-framework-master\build\gfxframework.dir\debug\lab5.obj
c:\users\cezar\desktop\facultate\egc\gfx-framework-master\build\gfxframework.dir\debug\orbiter.obj
c:\users\cezar\desktop\facultate\egc\gfx-framework-master\build\gfxframework.dir\debug\lab4.obj
c:\users\cezar\desktop\facultate\egc\gfx-framework-master\build\gfxframework.dir\debug\object2d.obj
c:\users\cezar\desktop\facultate\egc\gfx-framework-master\build\gfxframework.dir\debug\lab3_vis2d.obj
c:\users\cezar\desktop\facultate\egc\gfx-framework-master\build\gfxframework.dir\debug\lab3.obj
c:\users\cezar\desktop\facultate\egc\gfx-framework-master\build\gfxframework.dir\debug\lab2.obj
c:\users\cezar\desktop\facultate\egc\gfx-framework-master\build\gfxframework.dir\debug\lab1.obj
c:\users\cezar\desktop\facultate\egc\gfx-framework-master\build\gfxframework.dir\debug\tema1.obj
c:\users\cezar\desktop\facultate\egc\gfx-framework-master\build\gfxframework.dir\debug\shape.obj
c:\users\cezar\desktop\facultate\egc\gfx-framework-master\build\gfxframework.dir\debug\rectangle.obj
c:\users\cezar\desktop\facultate\egc\gfx-framework-master\build\gfxframework.dir\debug\primitive.obj
c:\users\cezar\desktop\facultate\egc\gfx-framework-master\build\gfxframework.dir\debug\player.obj
c:\users\cezar\desktop\facultate\egc\gfx-framework-master\build\gfxframework.dir\debug\obstacles.obj
c:\users\cezar\desktop\facultate\egc\gfx-framework-master\build\gfxframework.dir\debug\mapedges.obj
c:\users\cezar\desktop\facultate\egc\gfx-framework-master\build\gfxframework.dir\debug\icollidable.obj
c:\users\cezar\desktop\facultate\egc\gfx-framework-master\build\gfxframework.dir\debug\healthbar.obj
c:\users\cezar\desktop\facultate\egc\gfx-framework-master\build\gfxframework.dir\debug\entity.obj
c:\users\cezar\desktop\facultate\egc\gfx-framework-master\build\gfxframework.dir\debug\enemymanager.obj
c:\users\cezar\desktop\facultate\egc\gfx-framework-master\build\gfxframework.dir\debug\enemyfly.obj
c:\users\cezar\desktop\facultate\egc\gfx-framework-master\build\gfxframework.dir\debug\text_utils.obj
c:\users\cezar\desktop\facultate\egc\gfx-framework-master\build\gfxframework.dir\debug\gl_utils.obj
c:\users\cezar\desktop\facultate\egc\gfx-framework-master\build\gfxframework.dir\debug\main.obj
c:\users\cezar\desktop\facultate\egc\gfx-framework-master\build\gfxframework.dir\debug\lab9.obj
c:\users\cezar\desktop\facultate\egc\gfx-framework-master\build\gfxframework.dir\debug\lab8.obj
c:\users\cezar\desktop\facultate\egc\gfx-framework-master\build\gfxframework.dir\debug\lab7.obj
c:\users\cezar\desktop\facultate\egc\gfx-framework-master\build\gfxframework.dir\debug\lab6.obj
c:\users\cezar\desktop\facultate\egc\gfx-framework-master\build\gfxframework.dir\debug\tema2.obj
c:\users\cezar\desktop\facultate\egc\gfx-framework-master\build\gfxframework.dir\debug\shape3d.obj
c:\users\cezar\desktop\facultate\egc\gfx-framework-master\build\gfxframework.dir\debug\player3d.obj
c:\users\cezar\desktop\facultate\egc\gfx-framework-master\build\gfxframework.dir\debug\primitive3d.obj
c:\users\cezar\desktop\facultate\egc\gfx-framework-master\build\cmakefiles\generate.stamp
c:\users\cezar\desktop\facultate\egc\gfx-framework-master\build\debug\gfxframework.lib
c:\users\cezar\desktop\facultate\egc\gfx-framework-master\build\debug\gfxframework.exp
c:\users\cezar\desktop\facultate\egc\gfx-framework-master\build\bin\debug\gfxframework.exe
c:\users\cezar\desktop\facultate\egc\gfx-framework-master\build\gfxframework.dir\debug\gfxframework.ilk
c:\users\cezar\desktop\facultate\egc\gfx-framework-master\build\gfxframework.dir\debug\tema3.obj
c:\users\cezar\desktop\facultate\egc\gfx-framework-master\build\bin\debug\gfxframework.pdb
c:\users\cezar\desktop\facultate\egc\gfx-framework-master\build\gfxframework.dir\debug\gfxframework.tlog\cl.command.1.tlog
c:\users\cezar\desktop\facultate\egc\gfx-framework-master\build\gfxframework.dir\debug\gfxframework.tlog\cl.read.1.tlog
c:\users\cezar\desktop\facultate\egc\gfx-framework-master\build\gfxframework.dir\debug\gfxframework.tlog\cl.write.1.tlog
c:\users\cezar\desktop\facultate\egc\gfx-framework-master\build\gfxframework.dir\debug\gfxframework.tlog\custombuild.command.1.tlog
c:\users\cezar\desktop\facultate\egc\gfx-framework-master\build\gfxframework.dir\debug\gfxframework.tlog\custombuild.read.1.tlog
c:\users\cezar\desktop\facultate\egc\gfx-framework-master\build\gfxframework.dir\debug\gfxframework.tlog\custombuild.write.1.tlog
c:\users\cezar\desktop\facultate\egc\gfx-framework-master\build\gfxframework.dir\debug\gfxframework.tlog\gfxframework.write.1u.tlog
c:\users\cezar\desktop\facultate\egc\gfx-framework-master\build\gfxframework.dir\debug\gfxframework.tlog\link.command.1.tlog
c:\users\cezar\desktop\facultate\egc\gfx-framework-master\build\gfxframework.dir\debug\gfxframework.tlog\link.read.1.tlog
c:\users\cezar\desktop\facultate\egc\gfx-framework-master\build\gfxframework.dir\debug\gfxframework.tlog\link.write.1.tlog
